<?xml version="1.0" encoding="UTF-8"?>
<testsuite name="list.MyArrayListTest" tests="1" skipped="0" failures="0" errors="0" timestamp="2022-04-08T07:05:08" hostname="DESKTOP-VIO66N1" time="0.017">
  <properties/>
  <testcase name="add()" classname="list.MyArrayListTest" time="0.017"/>
  <system-out><![CDATA[0
1
2
3
4
5
6
7
8
9
10
11
12
13
14
15
16
17
18
19
20
21
22
23
24
25
26
27
28
29
30
31
32
33
34
35
36
37
38
39
40
41
42
43
44
45
46
47
48
49
]]></system-out>
  <system-err><![CDATA[]]></system-err>
</testsuite>
